# JRE version: Java(TM) SE Runtime Environment (17.0.4+11) (build 17.0.4+11-LTS-179)
# Java VM: Java HotSpot(TM) 64-Bit Server VM (17.0.4+11-LTS-179, mixed mode, sharing, tiered, compressed oops, compressed class ptrs, g1 gc, windows-amd64)
GC Precious Log:
 CPUs: 8 total, 8 available
 Memory: 12139M
 Large Page Support: Disabled
 NUMA Support: Disabled
 Compressed Oops: Enabled (Zero based)
 Heap Region Size: 2M
 Heap Min Capacity: 8M
 Heap Initial Capacity: 190M
 Heap Max Capacity: 3036M
 Pre-touch: Disabled
 Parallel Workers: 8
 Concurrent Workers: 2
 Concurrent Refinement Workers: 8
 Periodic GC: Disabled
Heap:
 garbage-first heap   total 133120K, used 48323K [0x0000000742400000, 0x0000000800000000)
  region size 2048K, 4 young (8192K), 1 survivors (2048K)
 Metaspace       used 77349K, committed 77888K, reserved 1122304K
  class space    used 9724K, committed 9984K, reserved 1048576K
GC Heap History (20 events):
Event: 219.789 GC heap before
{Heap before GC invocations=55 (full 0):
 garbage-first heap   total 133120K, used 112028K [0x0000000742400000, 0x0000000800000000)
  region size 2048K, 35 young (71680K), 1 survivors (2048K)
 Metaspace       used 77346K, committed 77888K, reserved 1122304K
  class space    used 9723K, committed 9984K, reserved 1048576K
}
Event: 219.791 GC heap after
{Heap after GC invocations=56 (full 0):
 garbage-first heap   total 133120K, used 44729K [0x0000000742400000, 0x0000000800000000)
  region size 2048K, 1 young (2048K), 1 survivors (2048K)
 Metaspace       used 77346K, committed 77888K, reserved 1122304K
  class space    used 9723K, committed 9984K, reserved 1048576K
}
Event: 221.062 GC heap before
{Heap before GC invocations=56 (full 0):
 garbage-first heap   total 133120K, used 112313K [0x0000000742400000, 0x0000000800000000)
  region size 2048K, 35 young (71680K), 1 survivors (2048K)
 Metaspace       used 77346K, committed 77888K, reserved 1122304K
  class space    used 9723K, committed 9984K, reserved 1048576K
}
Event: 221.063 GC heap after
{Heap after GC invocations=57 (full 0):
 garbage-first heap   total 133120K, used 44597K [0x0000000742400000, 0x0000000800000000)
  region size 2048K, 1 young (2048K), 1 survivors (2048K)
 Metaspace       used 77346K, committed 77888K, reserved 1122304K
  class space    used 9723K, committed 9984K, reserved 1048576K
}
Event: 222.013 GC heap before
{Heap before GC invocations=57 (full 0):
 garbage-first heap   total 133120K, used 112181K [0x0000000742400000, 0x0000000800000000)
  region size 2048K, 35 young (71680K), 1 survivors (2048K)
 Metaspace       used 77346K, committed 77888K, reserved 1122304K
  class space    used 9723K, committed 9984K, reserved 1048576K
}
Event: 222.014 GC heap after
{Heap after GC invocations=58 (full 0):
 garbage-first heap   total 133120K, used 44995K [0x0000000742400000, 0x0000000800000000)
  region size 2048K, 1 young (2048K), 1 survivors (2048K)
 Metaspace       used 77346K, committed 77888K, reserved 1122304K
  class space    used 9723K, committed 9984K, reserved 1048576K
}
Event: 223.236 GC heap before
{Heap before GC invocations=58 (full 0):
 garbage-first heap   total 133120K, used 112579K [0x0000000742400000, 0x0000000800000000)
  region size 2048K, 35 young (71680K), 1 survivors (2048K)
 Metaspace       used 77346K, committed 77888K, reserved 1122304K
  class space    used 9723K, committed 9984K, reserved 1048576K
}
Event: 223.237 GC heap after
{Heap after GC invocations=59 (full 0):
 garbage-first heap   total 133120K, used 44691K [0x0000000742400000, 0x0000000800000000)
  region size 2048K, 1 young (2048K), 1 survivors (2048K)
 Metaspace       used 77346K, committed 77888K, reserved 1122304K
  class space    used 9723K, committed 9984K, reserved 1048576K
}
Event: 224.324 GC heap before
{Heap before GC invocations=59 (full 0):
 garbage-first heap   total 133120K, used 112275K [0x0000000742400000, 0x0000000800000000)
  region size 2048K, 35 young (71680K), 1 survivors (2048K)
 Metaspace       used 77346K, committed 77888K, reserved 1122304K
  class space    used 9723K, committed 9984K, reserved 1048576K
}
Event: 224.325 GC heap after
{Heap after GC invocations=60 (full 0):
 garbage-first heap   total 133120K, used 44611K [0x0000000742400000, 0x0000000800000000)
  region size 2048K, 1 young (2048K), 1 survivors (2048K)
 Metaspace       used 77346K, committed 77888K, reserved 1122304K
  class space    used 9723K, committed 9984K, reserved 1048576K
}
Event: 225.367 GC heap before
{Heap before GC invocations=60 (full 0):
 garbage-first heap   total 133120K, used 112195K [0x0000000742400000, 0x0000000800000000)
  region size 2048K, 35 young (71680K), 1 survivors (2048K)
 Metaspace       used 77346K, committed 77888K, reserved 1122304K
  class space    used 9723K, committed 9984K, reserved 1048576K
}
Event: 225.368 GC heap after
{Heap after GC invocations=61 (full 0):
 garbage-first heap   total 133120K, used 45000K [0x0000000742400000, 0x0000000800000000)
  region size 2048K, 1 young (2048K), 1 survivors (2048K)
 Metaspace       used 77346K, committed 77888K, reserved 1122304K
  class space    used 9723K, committed 9984K, reserved 1048576K
}
Event: 229.235 GC heap before
{Heap before GC invocations=61 (full 0):
 garbage-first heap   total 133120K, used 112584K [0x0000000742400000, 0x0000000800000000)
  region size 2048K, 35 young (71680K), 1 survivors (2048K)
 Metaspace       used 77346K, committed 77888K, reserved 1122304K
  class space    used 9723K, committed 9984K, reserved 1048576K
}
Event: 229.237 GC heap after
{Heap after GC invocations=62 (full 0):
 garbage-first heap   total 133120K, used 44703K [0x0000000742400000, 0x0000000800000000)
  region size 2048K, 1 young (2048K), 1 survivors (2048K)
 Metaspace       used 77346K, committed 77888K, reserved 1122304K
  class space    used 9723K, committed 9984K, reserved 1048576K
}
Event: 232.393 GC heap before
{Heap before GC invocations=62 (full 0):
 garbage-first heap   total 133120K, used 112287K [0x0000000742400000, 0x0000000800000000)
  region size 2048K, 35 young (71680K), 1 survivors (2048K)
 Metaspace       used 77346K, committed 77888K, reserved 1122304K
  class space    used 9723K, committed 9984K, reserved 1048576K
}
Event: 232.395 GC heap after
{Heap after GC invocations=63 (full 0):
 garbage-first heap   total 133120K, used 45011K [0x0000000742400000, 0x0000000800000000)
  region size 2048K, 1 young (2048K), 1 survivors (2048K)
 Metaspace       used 77346K, committed 77888K, reserved 1122304K
  class space    used 9723K, committed 9984K, reserved 1048576K
}
Event: 233.050 GC heap before
{Heap before GC invocations=63 (full 0):
 garbage-first heap   total 133120K, used 110547K [0x0000000742400000, 0x0000000800000000)
  region size 2048K, 34 young (69632K), 1 survivors (2048K)
 Metaspace       used 77346K, committed 77888K, reserved 1122304K
  class space    used 9723K, committed 9984K, reserved 1048576K
}
Event: 233.052 GC heap after
{Heap after GC invocations=64 (full 0):
 garbage-first heap   total 133120K, used 44240K [0x0000000742400000, 0x0000000800000000)
  region size 2048K, 1 young (2048K), 1 survivors (2048K)
 Metaspace       used 77346K, committed 77888K, reserved 1122304K
  class space    used 9723K, committed 9984K, reserved 1048576K
}
Event: 233.786 GC heap before
{Heap before GC invocations=64 (full 0):
 garbage-first heap   total 133120K, used 111824K [0x0000000742400000, 0x0000000800000000)
  region size 2048K, 35 young (71680K), 1 survivors (2048K)
 Metaspace       used 77349K, committed 77888K, reserved 1122304K
  class space    used 9724K, committed 9984K, reserved 1048576K
}
Event: 233.788 GC heap after
{Heap after GC invocations=65 (full 0):
 garbage-first heap   total 133120K, used 44227K [0x0000000742400000, 0x0000000800000000)
  region size 2048K, 1 young (2048K), 1 survivors (2048K)
 Metaspace       used 77349K, committed 77888K, reserved 1122304K
  class space    used 9724K, committed 9984K, reserved 1048576K
}

